<?xml version="1.0" encoding="UTF-8"?>
<!-- Generated by org.testng.reporters.JUnitReportReporter -->
<testsuite hostname="inv-144" failures="0" tests="1" name="accommodations.BookingTest3" time="5.062" errors="0" timestamp="03 дек. 2019 14:57:03 GMT" skipped="0">
  <testcase classname="accommodations.BookingTest3" name="testWorkCheckBoxProfitPriceLabel" time="5.062"/>
</testsuite> <!-- accommodations.BookingTest3 -->
