<?xml version="1.0" encoding="UTF-8"?>
<!-- Generated by org.testng.reporters.JUnitReportReporter -->
<testsuite hostname="inv-144" failures="0" tests="1" name="accommodations.BookingTest4" time="4.834" errors="0" timestamp="03 дек. 2019 14:58:03 GMT" skipped="0">
  <testcase classname="accommodations.BookingTest4" name="LateReservation" time="4.834"/>
</testsuite> <!-- accommodations.BookingTest4 -->
