<?xml version="1.0" encoding="UTF-8"?>
<!-- Generated by org.testng.reporters.JUnitReportReporter -->
<testsuite hostname="inv-144" failures="0" tests="1" name="accommodations.BookingTest1" time="7.324" errors="0" timestamp="03 дек. 2019 13:40:54 GMT" skipped="0">
  <testcase classname="accommodations.BookingTest1" name="FilterCity" time="7.324"/>
</testsuite> <!-- accommodations.BookingTest1 -->
