<?xml version="1.0" encoding="UTF-8"?>
<!-- Generated by org.testng.reporters.JUnitReportReporter -->
<testsuite hostname="inv-144" failures="0" tests="1" name="accommodations.BookingTest2" time="14.131" errors="0" timestamp="03 дек. 2019 14:03:14 GMT" skipped="0">
  <testcase classname="accommodations.BookingTest2" name="AccomodationRoom" time="14.131"/>
</testsuite> <!-- accommodations.BookingTest2 -->
