<?xml version="1.0" encoding="UTF-8"?>
<!-- Generated by org.testng.reporters.JUnitReportReporter -->
<testsuite hostname="inv-144" failures="0" tests="1" name="accommodations_attr.BookingTest6" time="14.747" errors="0" timestamp="04 дек. 2019 14:57:21 GMT" skipped="0">
  <testcase classname="accommodations_attr.BookingTest6" name="CostActivities" time="14.747"/>
</testsuite> <!-- accommodations_attr.BookingTest6 -->
