<?xml version="1.0" encoding="UTF-8"?>
<!-- Generated by org.testng.reporters.JUnitReportReporter -->
<testsuite hostname="inv-144" failures="0" tests="1" name="accommodations_attr.BookingTest5" time="13.774" errors="0" timestamp="04 дек. 2019 14:53:45 GMT" skipped="0">
  <testcase classname="accommodations_attr.BookingTest5" name="NumberActivities" time="13.774"/>
</testsuite> <!-- accommodations_attr.BookingTest5 -->
